Started at Fri Sep 29 17:48:14 UTC 2023
Processing selenium
Offering selenium to Project Build Discarder
Finished at Fri Sep 29 17:48:14 UTC 2023. 30ms
Started at Fri Sep 29 18:48:14 UTC 2023
Processing selenium
Offering selenium to Project Build Discarder
Finished at Fri Sep 29 18:48:14 UTC 2023. 21ms
Started at Fri Sep 29 19:48:14 UTC 2023
Processing selenium
Offering selenium to Project Build Discarder
Finished at Fri Sep 29 19:48:14 UTC 2023. 75ms
Started at Fri Sep 29 20:48:14 UTC 2023
Processing selenium
Offering selenium to Project Build Discarder
Finished at Fri Sep 29 20:48:14 UTC 2023. 99ms
Started at Fri Sep 29 21:48:14 UTC 2023
Processing selenium
Offering selenium to Project Build Discarder
Finished at Fri Sep 29 21:48:14 UTC 2023. 60ms
Started at Fri Sep 29 22:48:14 UTC 2023
Processing selenium
Offering selenium to Project Build Discarder
Finished at Fri Sep 29 22:48:14 UTC 2023. 85ms
Started at Fri Sep 29 23:48:14 UTC 2023
Processing selenium
Offering selenium to Project Build Discarder
Finished at Fri Sep 29 23:48:14 UTC 2023. 72ms
Started at Sat Sep 30 00:48:14 UTC 2023
Processing selenium
Offering selenium to Project Build Discarder
Finished at Sat Sep 30 00:48:14 UTC 2023. 68ms
Started at Sat Sep 30 01:48:14 UTC 2023
Processing selenium
Offering selenium to Project Build Discarder
Finished at Sat Sep 30 01:48:14 UTC 2023. 78ms
Started at Sat Sep 30 06:48:52 UTC 2023
Processing selenium
Offering selenium to Project Build Discarder
Finished at Sat Sep 30 06:48:52 UTC 2023. 42ms
Started at Sat Sep 30 07:48:52 UTC 2023
Processing selenium
Offering selenium to Project Build Discarder
Finished at Sat Sep 30 07:48:52 UTC 2023. 68ms
Started at Sat Sep 30 08:48:52 UTC 2023
Processing selenium
Offering selenium to Project Build Discarder
Finished at Sat Sep 30 08:48:52 UTC 2023. 31ms
Started at Sat Sep 30 09:48:52 UTC 2023
Processing selenium
Offering selenium to Project Build Discarder
Finished at Sat Sep 30 09:48:52 UTC 2023. 40ms
